client/src/components/DirectorView.tsx(22,7): error TS2739: Type '{ script: ForwardRefExoticComponent<Omit<LucideProps, "ref"> & RefAttributes<SVGSVGElement>>; storyboard: ForwardRefExoticComponent<...>; techSpecs: ForwardRefExoticComponent<...>; bRoll: ForwardRefExoticComponent<...>; captions: ForwardRefExoticComponent<...>; }' is missing the following properties from type 'Record<requiredKeys<baseObjectOutputType<{ script: ZodArray<ZodObject<{ lineNumber: ZodNumber; speaker: ZodOptional<ZodNullable<ZodString>>; text: ZodString; timing: ZodOptional<...>; notes: ZodOptional<...>; source: ZodOptional<...>; neurobiologyBeat: ZodOptional<...>; }, "strip", ZodTypeAny, { ...; }, { ...; }>, "...': cinematography, deploymentStrategy
client/src/components/DirectorView.tsx(30,7): error TS2739: Type '{ script: string; storyboard: string; techSpecs: string; bRoll: string; captions: string; }' is missing the following properties from type 'Record<requiredKeys<baseObjectOutputType<{ script: ZodArray<ZodObject<{ lineNumber: ZodNumber; speaker: ZodOptional<ZodNullable<ZodString>>; text: ZodString; timing: ZodOptional<...>; notes: ZodOptional<...>; source: ZodOptional<...>; neurobiologyBeat: ZodOptional<...>; }, "strip", ZodTypeAny, { ...; }, { ...; }>, "...': cinematography, deploymentStrategy
client/src/components/DirectorView.tsx(162,55): error TS2322: Type '{ duration: string; resolution: string; aspectRatio: string; frameRate: string; platforms?: string[] | undefined; audioFormat?: string | undefined; exportFormat?: string | undefined; } | ... 6 more ... | undefined' is not assignable to type '{ duration: string; resolution: string; aspectRatio: string; frameRate: string; platforms?: string[] | undefined; audioFormat?: string | undefined; exportFormat?: string | undefined; } | ... 4 more ... | undefined'.
  Type '{ techSpecs: { audio: string[]; lighting: string[]; cameraVideo: string[]; audioSound: string[]; soundDesign: (string | undefined)[]; colorGrade: (string | undefined)[]; equipment: (string | undefined)[]; composition: (string | undefined)[]; platformOptimizations: string[]; exportSettings: string[]; }; storyboard: {...' is not assignable to type '{ duration: string; resolution: string; aspectRatio: string; frameRate: string; platforms?: string[] | undefined; audioFormat?: string | undefined; exportFormat?: string | undefined; } | ... 4 more ... | undefined'.
client/src/lib/exports.ts(97,3): error TS18048: 'output.storyboard' is possibly 'undefined'.
client/src/lib/mockData.ts(90,14): error TS2741: Property 'cinematography' is missing in type '{ script: ({ lineNumber: number; speaker: string; text: string; timing: string; notes: string; } | { lineNumber: number; speaker: string; text: string; timing: string; })[]; storyboard: { frameNumber: number; shotType: string; description: string; visualNotes: string; duration: string; }[]; techSpecs: { ...; }; bRol...' but required in type '{ script: { text: string; lineNumber: number; source?: "user-provided" | "AI-enhanced" | "AI-generated" | undefined; speaker?: string | null | undefined; timing?: string | undefined; notes?: string | undefined; neurobiologyBeat?: "hook" | ... 4 more ... | undefined; }[]; ... 5 more ...; deploymentStrategy?: { ...; }...'.
server/middleware/auth-helpers.ts(133,40): error TS2769: No overload matches this call.
  Overload 1 of 4, '(value: string | number | Date): Date', gave the following error.
    Argument of type 'Timestamp' is not assignable to parameter of type 'string | number | Date'.
      Type 'Timestamp' is missing the following properties from type 'Date': toDateString, toTimeString, toLocaleDateString, toLocaleTimeString, and 37 more.
  Overload 2 of 4, '(value: string | number): Date', gave the following error.
    Argument of type 'Timestamp' is not assignable to parameter of type 'string | number'.
server/middleware/auth-helpers.ts(140,21): error TS2739: Type 'Date' is missing the following properties from type 'Timestamp': seconds, nanoseconds, toDate, toMillis, isEqual
server/middleware/auth.ts(2,10): error TS2614: Module '"../db"' has no exported member 'db'. Did you mean to use 'import db from "../db"' instead?
server/middleware/auth.ts(37,14): error TS2339: Property 'isAuthenticated' does not exist on type 'Request<ParamsDictionary, any, any, ParsedQs, Record<string, any>>'.
server/middleware/auth.ts(58,14): error TS2339: Property 'isAuthenticated' does not exist on type 'Request<ParamsDictionary, any, any, ParsedQs, Record<string, any>>'.
server/middleware/native-auth.ts(2,10): error TS2614: Module '"../db"' has no exported member 'db'. Did you mean to use 'import db from "../db"' instead?
server/middleware/native-auth.ts(7,30): error TS2339: Property 'session' does not exist on type 'Request<ParamsDictionary, any, any, ParsedQs, Record<string, any>>'.
server/replit_integrations/auth/replitAuth.ts(4,22): error TS2307: Cannot find module 'passport' or its corresponding type declarations.
server/replit_integrations/auth/replitAuth.ts(5,21): error TS2307: Cannot find module 'express-session' or its corresponding type declarations.
server/replit_integrations/auth/replitAuth.ts(8,23): error TS2307: Cannot find module 'connect-pg-simple' or its corresponding type declarations.
server/replit_integrations/auth/replitAuth.ts(102,47): error TS7006: Parameter 'cb' implicitly has an 'any' type.
server/replit_integrations/auth/replitAuth.ts(103,49): error TS7006: Parameter 'cb' implicitly has an 'any' type.
server/replit_integrations/auth/replitAuth.ts(122,9): error TS2339: Property 'logout' does not exist on type 'Request<{}, any, any, ParsedQs, Record<string, any>>'.
server/replit_integrations/auth/replitAuth.ts(136,12): error TS2339: Property 'isAuthenticated' does not exist on type 'Request<ParamsDictionary, any, any, ParsedQs, Record<string, any>>'.
server/replit_integrations/auth/storage.ts(2,10): error TS2614: Module '"../../db"' has no exported member 'db'. Did you mean to use 'import db from "../../db"' instead?
shared/models/auth.ts(1,21): error TS2307: Cannot find module 'drizzle-orm' or its corresponding type declarations.
shared/models/auth.ts(2,77): error TS2307: Cannot find module 'drizzle-orm/pg-core' or its corresponding type declarations.
shared/models/auth.ts(3,36): error TS2307: Cannot find module 'drizzle-zod' or its corresponding type declarations.
shared/models/auth.ts(15,4): error TS7006: Parameter 'table' implicitly has an 'any' type.
